  [1m[36m (1.2ms)[0m  [1mCREATE TABLE "schema_migrations" ("version" varchar NOT NULL) [0m
  [1m[35m (0.0ms)[0m  select sqlite_version(*)
  [1m[36m (1.0ms)[0m  [1mCREATE UNIQUE INDEX "unique_schema_migrations" ON "schema_migrations" ("version")[0m
  [1m[35mActiveRecord::SchemaMigration Load (0.1ms)[0m  SELECT "schema_migrations".* FROM "schema_migrations"
  [1m[36mActiveRecord::SchemaMigration Load (0.1ms)[0m  [1mSELECT "schema_migrations".* FROM "schema_migrations"[0m
Migrating to CreatePosts (20151230232412)
  [1m[35m (0.1ms)[0m  begin transaction
  [1m[36m (0.4ms)[0m  [1mCREATE TABLE "posts" ("id" INTEGER PRIMARY KEY AUTOINCREMENT NOT NULL, "title" varchar, "description" text, "created_at" datetime NOT NULL, "updated_at" datetime NOT NULL) [0m
  [1m[35mSQL (0.2ms)[0m  INSERT INTO "schema_migrations" ("version") VALUES (?)  [["version", "20151230232412"]]
  [1m[36m (1.3ms)[0m  [1mcommit transaction[0m
  [1m[35mActiveRecord::SchemaMigration Load (0.1ms)[0m  SELECT "schema_migrations".* FROM "schema_migrations"


Started GET "/posts/new" for ::1 at 2015-12-31 13:44:56 -0600
  [1m[36mActiveRecord::SchemaMigration Load (0.1ms)[0m  [1mSELECT "schema_migrations".* FROM "schema_migrations"[0m
Processing by PostsController#new as HTML
  Rendered posts/new.html.erb within layouts/application (2.1ms)
Completed 200 OK in 347ms (Views: 326.8ms | ActiveRecord: 0.2ms)


Started GET "/assets/application.self-e80e8f2318043e8af94dddc2adad5a4f09739a8ebb323b3ab31cd71d45fd9113.css?body=1" for ::1 at 2015-12-31 13:44:57 -0600


Started GET "/assets/application.self-3b8dabdc891efe46b9a144b400ad69e37d7e5876bdc39dee783419a69d7ca819.js?body=1" for ::1 at 2015-12-31 13:44:57 -0600


Started POST "/posts" for ::1 at 2015-12-31 13:45:03 -0600
Processing by PostsController#create as HTML
  Parameters: {"utf8"=>"✓", "authenticity_token"=>"mFCuNJP5reOW19phdr4zXRLzOMo4NZQ3wneiVR+RO/+owIoDiOxh24iHKkZ7DGazxbSIoRmvIOmJgA4gog1sGg==", "title"=>"Rails Introduction Quiz", "description"=>"asdfasdf", "commit"=>"Submit Post"}
  [1m[35m (0.1ms)[0m  begin transaction
  [1m[36mSQL (0.4ms)[0m  [1mINSERT INTO "posts" ("title", "description", "created_at", "updated_at") VALUES (?, ?, ?, ?)[0m  [["title", "Rails Introduction Quiz"], ["description", "asdfasdf"], ["created_at", "2015-12-31 19:45:03.614973"], ["updated_at", "2015-12-31 19:45:03.614973"]]
  [1m[35m (1.2ms)[0m  commit transaction
Redirected to http://localhost:3000/posts/1
Completed 302 Found in 22ms (ActiveRecord: 1.7ms)


Started GET "/posts/1" for ::1 at 2015-12-31 13:45:03 -0600
Processing by PostsController#show as HTML
  Parameters: {"id"=>"1"}
  [1m[36mPost Load (0.2ms)[0m  [1mSELECT  "posts".* FROM "posts" WHERE "posts"."id" = ? LIMIT 1[0m  [["id", 1]]
  Rendered posts/show.html.erb within layouts/application (0.4ms)
Completed 200 OK in 27ms (Views: 10.4ms | ActiveRecord: 0.2ms)
  [1m[35m (0.1ms)[0m  [1m[36mbegin transaction[0m
  [1m[35mSQL (0.9ms)[0m  [1m[32mINSERT INTO "posts" ("title", "description", "created_at", "updated_at") VALUES (?, ?, ?, ?)[0m  [["title", "Title Goes Here"], ["description", "Desc goes here"], ["created_at", "2020-04-25 23:11:00.728377"], ["updated_at", "2020-04-25 23:11:00.728377"]]
  [1m[35m (1.1ms)[0m  [1m[36mcommit transaction[0m
Started GET "/posts/new" for ::1 at 2020-04-25 19:14:52 -0400
  [1m[36mActiveRecord::SchemaMigration Load (0.4ms)[0m  [1m[34mSELECT "schema_migrations".* FROM "schema_migrations"[0m
Processing by PostsController#new as HTML
  Rendering posts/new.html.erb within layouts/application
  Rendered posts/new.html.erb within layouts/application (6.9ms)
Completed 200 OK in 337ms (Views: 324.2ms | ActiveRecord: 0.4ms)


Started POST "/posts" for ::1 at 2020-04-25 19:15:21 -0400
Processing by PostsController#create as HTML
  Parameters: {"utf8"=>"✓", "authenticity_token"=>"Vx2BdUBmLbM0i18m9TXsVNs8oDudoNAkUwaPpty9pdjsuprcKq/1RIDX+uXwq0yWhYm2kXU1x7NPWFgyZMtJrw==", "title"=>"Some title", "description"=>"Randomizes ", "commit"=>"Submit Post"}
Completed 500 Internal Server Error in 3ms (ActiveRecord: 0.0ms)


  
NameError (undefined local variable or method `parasm' for #<PostsController:0x00007fec7a4b16d0>):
  
app/controllers/posts_controller.rb:18:in `create'
  Rendering /Users/edgarrivera/Development/bundler/gems/ruby/2.6.0/gems/actionpack-5.0.7.2/lib/action_dispatch/middleware/templates/rescues/diagnostics.html.erb within rescues/layout
  Rendering /Users/edgarrivera/Development/bundler/gems/ruby/2.6.0/gems/actionpack-5.0.7.2/lib/action_dispatch/middleware/templates/rescues/_source.html.erb
  Rendered /Users/edgarrivera/Development/bundler/gems/ruby/2.6.0/gems/actionpack-5.0.7.2/lib/action_dispatch/middleware/templates/rescues/_source.html.erb (1.8ms)
  Rendering /Users/edgarrivera/Development/bundler/gems/ruby/2.6.0/gems/actionpack-5.0.7.2/lib/action_dispatch/middleware/templates/rescues/_trace.html.erb
  Rendered /Users/edgarrivera/Development/bundler/gems/ruby/2.6.0/gems/actionpack-5.0.7.2/lib/action_dispatch/middleware/templates/rescues/_trace.html.erb (1.5ms)
  Rendering /Users/edgarrivera/Development/bundler/gems/ruby/2.6.0/gems/actionpack-5.0.7.2/lib/action_dispatch/middleware/templates/rescues/_request_and_response.html.erb
  Rendered /Users/edgarrivera/Development/bundler/gems/ruby/2.6.0/gems/actionpack-5.0.7.2/lib/action_dispatch/middleware/templates/rescues/_request_and_response.html.erb (1.7ms)
  Rendered /Users/edgarrivera/Development/bundler/gems/ruby/2.6.0/gems/actionpack-5.0.7.2/lib/action_dispatch/middleware/templates/rescues/diagnostics.html.erb within rescues/layout (25.1ms)
Started POST "/posts" for ::1 at 2020-04-25 19:16:18 -0400
Processing by PostsController#create as HTML
  Parameters: {"utf8"=>"✓", "authenticity_token"=>"Vx2BdUBmLbM0i18m9TXsVNs8oDudoNAkUwaPpty9pdjsuprcKq/1RIDX+uXwq0yWhYm2kXU1x7NPWFgyZMtJrw==", "title"=>"Some title", "description"=>"Randomizes ", "commit"=>"Submit Post"}
  [1m[35m (0.0ms)[0m  [1m[36mbegin transaction[0m
  [1m[35mSQL (0.4ms)[0m  [1m[32mINSERT INTO "posts" ("title", "description", "created_at", "updated_at") VALUES (?, ?, ?, ?)[0m  [["title", "Some title"], ["description", "Randomizes "], ["created_at", "2020-04-25 23:16:19.025451"], ["updated_at", "2020-04-25 23:16:19.025451"]]
  [1m[35m (1.0ms)[0m  [1m[36mcommit transaction[0m
No template found for PostsController#create, rendering head :no_content
Completed 204 No Content in 31ms (ActiveRecord: 2.8ms)


Started POST "/posts" for ::1 at 2020-04-25 19:16:23 -0400
Processing by PostsController#create as HTML
  Parameters: {"utf8"=>"✓", "authenticity_token"=>"Vx2BdUBmLbM0i18m9TXsVNs8oDudoNAkUwaPpty9pdjsuprcKq/1RIDX+uXwq0yWhYm2kXU1x7NPWFgyZMtJrw==", "title"=>"Some title", "description"=>"Randomizes ", "commit"=>"Submit Post"}
  [1m[35m (0.0ms)[0m  [1m[36mbegin transaction[0m
  [1m[35mSQL (0.3ms)[0m  [1m[32mINSERT INTO "posts" ("title", "description", "created_at", "updated_at") VALUES (?, ?, ?, ?)[0m  [["title", "Some title"], ["description", "Randomizes "], ["created_at", "2020-04-25 23:16:23.654550"], ["updated_at", "2020-04-25 23:16:23.654550"]]
  [1m[35m (1.3ms)[0m  [1m[36mcommit transaction[0m
No template found for PostsController#create, rendering head :no_content
Completed 204 No Content in 23ms (ActiveRecord: 1.7ms)


Started POST "/posts" for ::1 at 2020-04-25 19:16:37 -0400
Processing by PostsController#create as HTML
  Parameters: {"utf8"=>"✓", "authenticity_token"=>"Vx2BdUBmLbM0i18m9TXsVNs8oDudoNAkUwaPpty9pdjsuprcKq/1RIDX+uXwq0yWhYm2kXU1x7NPWFgyZMtJrw==", "title"=>"Some title", "description"=>"Randomizes ", "commit"=>"Submit Post"}
  [1m[35m (0.1ms)[0m  [1m[36mbegin transaction[0m
  [1m[35mSQL (0.6ms)[0m  [1m[32mINSERT INTO "posts" ("title", "description", "created_at", "updated_at") VALUES (?, ?, ?, ?)[0m  [["title", "Some title"], ["description", "Randomizes "], ["created_at", "2020-04-25 23:16:37.231418"], ["updated_at", "2020-04-25 23:16:37.231418"]]
  [1m[35m (1.0ms)[0m  [1m[36mcommit transaction[0m
No template found for PostsController#create, rendering head :no_content
Completed 204 No Content in 21ms (ActiveRecord: 1.7ms)


Started POST "/posts" for ::1 at 2020-04-25 19:16:39 -0400
Processing by PostsController#create as HTML
  Parameters: {"utf8"=>"✓", "authenticity_token"=>"Vx2BdUBmLbM0i18m9TXsVNs8oDudoNAkUwaPpty9pdjsuprcKq/1RIDX+uXwq0yWhYm2kXU1x7NPWFgyZMtJrw==", "title"=>"Some title", "description"=>"Randomizes ", "commit"=>"Submit Post"}
  [1m[35m (0.0ms)[0m  [1m[36mbegin transaction[0m
  [1m[35mSQL (0.3ms)[0m  [1m[32mINSERT INTO "posts" ("title", "description", "created_at", "updated_at") VALUES (?, ?, ?, ?)[0m  [["title", "Some title"], ["description", "Randomizes "], ["created_at", "2020-04-25 23:16:39.315848"], ["updated_at", "2020-04-25 23:16:39.315848"]]
  [1m[35m (0.9ms)[0m  [1m[36mcommit transaction[0m
No template found for PostsController#create, rendering head :no_content
Completed 204 No Content in 24ms (ActiveRecord: 1.3ms)


Started POST "/posts" for ::1 at 2020-04-25 19:16:41 -0400
Processing by PostsController#create as HTML
  Parameters: {"utf8"=>"✓", "authenticity_token"=>"Vx2BdUBmLbM0i18m9TXsVNs8oDudoNAkUwaPpty9pdjsuprcKq/1RIDX+uXwq0yWhYm2kXU1x7NPWFgyZMtJrw==", "title"=>"Some title", "description"=>"Randomizes ", "commit"=>"Submit Post"}
  [1m[35m (0.1ms)[0m  [1m[36mbegin transaction[0m
  [1m[35mSQL (0.4ms)[0m  [1m[32mINSERT INTO "posts" ("title", "description", "created_at", "updated_at") VALUES (?, ?, ?, ?)[0m  [["title", "Some title"], ["description", "Randomizes "], ["created_at", "2020-04-25 23:16:41.508061"], ["updated_at", "2020-04-25 23:16:41.508061"]]
  [1m[35m (0.9ms)[0m  [1m[36mcommit transaction[0m
No template found for PostsController#create, rendering head :no_content
Completed 204 No Content in 22ms (ActiveRecord: 1.3ms)


Started GET "/posts/new" for ::1 at 2020-04-25 19:17:06 -0400
  [1m[36mActiveRecord::SchemaMigration Load (0.2ms)[0m  [1m[34mSELECT "schema_migrations".* FROM "schema_migrations"[0m
Processing by PostsController#new as HTML
  Rendering posts/new.html.erb within layouts/application
  Rendered posts/new.html.erb within layouts/application (4.8ms)
Completed 200 OK in 201ms (Views: 191.1ms | ActiveRecord: 0.4ms)


Started POST "/posts" for ::1 at 2020-04-25 19:17:20 -0400
Processing by PostsController#create as HTML
  Parameters: {"utf8"=>"✓", "authenticity_token"=>"q7wXCwXtwdwjFOi2gaYAwE43k++FHToQk43t9h49JDsQGwyibyQZK5dITXWEOKACEIKFRW2ILYeP0zpipkvITA==", "title"=>"New Post", "description"=>"Random", "commit"=>"Submit Post"}
  [1m[35m (0.1ms)[0m  [1m[36mbegin transaction[0m
  [1m[35mSQL (0.5ms)[0m  [1m[32mINSERT INTO "posts" ("title", "description", "created_at", "updated_at") VALUES (?, ?, ?, ?)[0m  [["title", "New Post"], ["description", "Random"], ["created_at", "2020-04-25 23:17:20.075731"], ["updated_at", "2020-04-25 23:17:20.075731"]]
  [1m[35m (0.7ms)[0m  [1m[36mcommit transaction[0m
No template found for PostsController#create, rendering head :no_content
Completed 204 No Content in 18ms (ActiveRecord: 1.2ms)


  [1m[36mPost Load (0.1ms)[0m  [1m[34mSELECT  "posts".* FROM "posts" ORDER BY "posts"."id" DESC LIMIT ?[0m  [["LIMIT", 1]]
Started GET "/rails/info/routes" for ::1 at 2020-04-25 19:19:50 -0400
  [1m[36mActiveRecord::SchemaMigration Load (0.1ms)[0m  [1m[34mSELECT "schema_migrations".* FROM "schema_migrations"[0m
Processing by Rails::InfoController#routes as HTML
  Parameters: {"internal"=>true}
  Rendering /Users/edgarrivera/Development/bundler/gems/ruby/2.6.0/gems/railties-5.0.7.2/lib/rails/templates/rails/info/routes.html.erb within layouts/application
  Rendered collection of /Users/edgarrivera/Development/bundler/gems/ruby/2.6.0/gems/actionpack-5.0.7.2/lib/action_dispatch/middleware/templates/routes/_route.html.erb [8 times] (2.0ms)
  Rendered /Users/edgarrivera/Development/bundler/gems/ruby/2.6.0/gems/actionpack-5.0.7.2/lib/action_dispatch/middleware/templates/routes/_table.html.erb (11.9ms)
  Rendered /Users/edgarrivera/Development/bundler/gems/ruby/2.6.0/gems/railties-5.0.7.2/lib/rails/templates/rails/info/routes.html.erb within layouts/application (17.8ms)
Completed 200 OK in 29ms (Views: 23.0ms | ActiveRecord: 0.0ms)


